# JRE version: Java(TM) SE Runtime Environment (24.0+36) (build 24+36-3646)
# Java VM: Java HotSpot(TM) 64-Bit Server VM (24+36-3646, mixed mode, emulated-client, sharing, tiered, compressed oops, compressed class ptrs, g1 gc, windows-amd64)
GC Precious Log:
 CardTable entry size: 512
 Card Set container configuration: InlinePtr #cards 4 size 8 Array Of Cards #cards 16 size 48 Howl #buckets 8 coarsen threshold 3686 Howl Bitmap #cards 512 size 80 coarsen threshold 460 Card regions per heap region 1 cards per card region 4096
 CPUs: 16 total, 16 available
 Memory: 15773M
 Large Page Support: Disabled
 NUMA Support: Disabled
 Compressed Oops: Enabled (Zero based)
 Heap Region Size: 2M
 Heap Min Capacity: 8M
 Heap Initial Capacity: 248M
 Heap Max Capacity: 3944M
 Pre-touch: Disabled
 Parallel Workers: 13
 Concurrent Workers: 3
 Concurrent Refinement Workers: 13
 Periodic GC: Disabled
Heap:
 garbage-first heap   total reserved 4038656K, committed 98304K, used 68934K [0x0000000709800000, 0x0000000800000000)
  region size 2048K, 13 young (26624K), 1 survivors (2048K)
 Metaspace       used 85459K, committed 86208K, reserved 1179648K
  class space    used 9947K, committed 10304K, reserved 1048576K
GC Heap History (20 events):
Event: 123.350 GC heap before
{Heap before GC invocations=32 (full 0):
 garbage-first heap   total reserved 4038656K, committed 96256K, used 70136K [0x0000000709800000, 0x0000000800000000)
  region size 2048K, 10 young (20480K), 1 survivors (2048K)
 Metaspace       used 84821K, committed 85760K, reserved 1179648K
  class space    used 9903K, committed 10304K, reserved 1048576K
}
Event: 123.352 GC heap after
{Heap after GC invocations=33 (full 0):
 garbage-first heap   total reserved 4038656K, committed 96256K, used 53598K [0x0000000709800000, 0x0000000800000000)
  region size 2048K, 1 young (2048K), 1 survivors (2048K)
 Metaspace       used 84821K, committed 85760K, reserved 1179648K
  class space    used 9903K, committed 10304K, reserved 1048576K
}
Event: 153.598 GC heap before
{Heap before GC invocations=34 (full 0):
 garbage-first heap   total reserved 4038656K, committed 96256K, used 86366K [0x0000000709800000, 0x0000000800000000)
  region size 2048K, 17 young (34816K), 1 survivors (2048K)
 Metaspace       used 84504K, committed 85760K, reserved 1179648K
  class space    used 9815K, committed 10304K, reserved 1048576K
}
Event: 153.599 GC heap after
{Heap after GC invocations=35 (full 0):
 garbage-first heap   total reserved 4038656K, committed 96256K, used 53555K [0x0000000709800000, 0x0000000800000000)
  region size 2048K, 1 young (2048K), 1 survivors (2048K)
 Metaspace       used 84504K, committed 85760K, reserved 1179648K
  class space    used 9815K, committed 10304K, reserved 1048576K
}
Event: 182.234 GC heap before
{Heap before GC invocations=35 (full 0):
 garbage-first heap   total reserved 4038656K, committed 96256K, used 86323K [0x0000000709800000, 0x0000000800000000)
  region size 2048K, 17 young (34816K), 1 survivors (2048K)
 Metaspace       used 84504K, committed 85760K, reserved 1179648K
  class space    used 9815K, committed 10304K, reserved 1048576K
}
Event: 182.240 GC heap after
{Heap after GC invocations=36 (full 0):
 garbage-first heap   total reserved 4038656K, committed 98304K, used 49986K [0x0000000709800000, 0x0000000800000000)
  region size 2048K, 1 young (2048K), 1 survivors (2048K)
 Metaspace       used 84504K, committed 85760K, reserved 1179648K
  class space    used 9815K, committed 10304K, reserved 1048576K
}
Event: 213.891 GC heap before
{Heap before GC invocations=36 (full 0):
 garbage-first heap   total reserved 4038656K, committed 98304K, used 86850K [0x0000000709800000, 0x0000000800000000)
  region size 2048K, 19 young (38912K), 1 survivors (2048K)
 Metaspace       used 84504K, committed 85760K, reserved 1179648K
  class space    used 9815K, committed 10304K, reserved 1048576K
}
Event: 213.900 GC heap after
{Heap after GC invocations=37 (full 0):
 garbage-first heap   total reserved 4038656K, committed 98304K, used 47965K [0x0000000709800000, 0x0000000800000000)
  region size 2048K, 1 young (2048K), 1 survivors (2048K)
 Metaspace       used 84504K, committed 85760K, reserved 1179648K
  class space    used 9815K, committed 10304K, reserved 1048576K
}
Event: 245.940 GC heap before
{Heap before GC invocations=37 (full 0):
 garbage-first heap   total reserved 4038656K, committed 98304K, used 86877K [0x0000000709800000, 0x0000000800000000)
  region size 2048K, 20 young (40960K), 1 survivors (2048K)
 Metaspace       used 84504K, committed 85760K, reserved 1179648K
  class space    used 9815K, committed 10304K, reserved 1048576K
}
Event: 245.943 GC heap after
{Heap after GC invocations=38 (full 0):
 garbage-first heap   total reserved 4038656K, committed 98304K, used 48001K [0x0000000709800000, 0x0000000800000000)
  region size 2048K, 1 young (2048K), 1 survivors (2048K)
 Metaspace       used 84504K, committed 85760K, reserved 1179648K
  class space    used 9815K, committed 10304K, reserved 1048576K
}
Event: 278.917 GC heap before
{Heap before GC invocations=39 (full 0):
 garbage-first heap   total reserved 4038656K, committed 98304K, used 86913K [0x0000000709800000, 0x0000000800000000)
  region size 2048K, 20 young (40960K), 1 survivors (2048K)
 Metaspace       used 84504K, committed 85760K, reserved 1179648K
  class space    used 9815K, committed 10304K, reserved 1048576K
}
Event: 278.918 GC heap after
{Heap after GC invocations=40 (full 0):
 garbage-first heap   total reserved 4038656K, committed 98304K, used 48008K [0x0000000709800000, 0x0000000800000000)
  region size 2048K, 1 young (2048K), 1 survivors (2048K)
 Metaspace       used 84504K, committed 85760K, reserved 1179648K
  class space    used 9815K, committed 10304K, reserved 1048576K
}
Event: 311.623 GC heap before
{Heap before GC invocations=40 (full 0):
 garbage-first heap   total reserved 4038656K, committed 98304K, used 86920K [0x0000000709800000, 0x0000000800000000)
  region size 2048K, 20 young (40960K), 1 survivors (2048K)
 Metaspace       used 84504K, committed 85760K, reserved 1179648K
  class space    used 9815K, committed 10304K, reserved 1048576K
}
Event: 311.635 GC heap after
{Heap after GC invocations=41 (full 0):
 garbage-first heap   total reserved 4038656K, committed 98304K, used 47196K [0x0000000709800000, 0x0000000800000000)
  region size 2048K, 1 young (2048K), 1 survivors (2048K)
 Metaspace       used 84504K, committed 85760K, reserved 1179648K
  class space    used 9815K, committed 10304K, reserved 1048576K
}
Event: 346.679 GC heap before
{Heap before GC invocations=41 (full 0):
 garbage-first heap   total reserved 4038656K, committed 98304K, used 88156K [0x0000000709800000, 0x0000000800000000)
  region size 2048K, 21 young (43008K), 1 survivors (2048K)
 Metaspace       used 84504K, committed 85760K, reserved 1179648K
  class space    used 9815K, committed 10304K, reserved 1048576K
}
Event: 346.681 GC heap after
{Heap after GC invocations=42 (full 0):
 garbage-first heap   total reserved 4038656K, committed 98304K, used 47196K [0x0000000709800000, 0x0000000800000000)
  region size 2048K, 1 young (2048K), 1 survivors (2048K)
 Metaspace       used 84504K, committed 85760K, reserved 1179648K
  class space    used 9815K, committed 10304K, reserved 1048576K
}
Event: 381.156 GC heap before
{Heap before GC invocations=43 (full 0):
 garbage-first heap   total reserved 4038656K, committed 98304K, used 88156K [0x0000000709800000, 0x0000000800000000)
  region size 2048K, 21 young (43008K), 1 survivors (2048K)
 Metaspace       used 84504K, committed 85760K, reserved 1179648K
  class space    used 9815K, committed 10304K, reserved 1048576K
}
Event: 381.157 GC heap after
{Heap after GC invocations=44 (full 0):
 garbage-first heap   total reserved 4038656K, committed 98304K, used 47202K [0x0000000709800000, 0x0000000800000000)
  region size 2048K, 1 young (2048K), 1 survivors (2048K)
 Metaspace       used 84504K, committed 85760K, reserved 1179648K
  class space    used 9815K, committed 10304K, reserved 1048576K
}
Event: 415.696 GC heap before
{Heap before GC invocations=44 (full 0):
 garbage-first heap   total reserved 4038656K, committed 98304K, used 88162K [0x0000000709800000, 0x0000000800000000)
  region size 2048K, 21 young (43008K), 1 survivors (2048K)
 Metaspace       used 84504K, committed 85760K, reserved 1179648K
  class space    used 9815K, committed 10304K, reserved 1048576K
}
Event: 415.703 GC heap after
{Heap after GC invocations=45 (full 0):
 garbage-first heap   total reserved 4038656K, committed 98304K, used 46406K [0x0000000709800000, 0x0000000800000000)
  region size 2048K, 1 young (2048K), 1 survivors (2048K)
 Metaspace       used 84504K, committed 85760K, reserved 1179648K
  class space    used 9815K, committed 10304K, reserved 1048576K
}

