# JRE version: Java(TM) SE Runtime Environment (24.0+36) (build 24+36-3646)
# Java VM: Java HotSpot(TM) 64-Bit Server VM (24+36-3646, mixed mode, emulated-client, sharing, tiered, compressed oops, compressed class ptrs, g1 gc, windows-amd64)
GC Precious Log:
 CardTable entry size: 512
 Card Set container configuration: InlinePtr #cards 4 size 8 Array Of Cards #cards 16 size 48 Howl #buckets 8 coarsen threshold 3686 Howl Bitmap #cards 512 size 80 coarsen threshold 460 Card regions per heap region 1 cards per card region 4096
 CPUs: 16 total, 16 available
 Memory: 15773M
 Large Page Support: Disabled
 NUMA Support: Disabled
 Compressed Oops: Enabled (Zero based)
 Heap Region Size: 2M
 Heap Min Capacity: 8M
 Heap Initial Capacity: 248M
 Heap Max Capacity: 3944M
 Pre-touch: Disabled
 Parallel Workers: 13
 Concurrent Workers: 3
 Concurrent Refinement Workers: 13
 Periodic GC: Disabled
Heap:
 garbage-first heap   total reserved 4038656K, committed 114688K, used 58362K [0x0000000709800000, 0x0000000800000000)
  region size 2048K, 9 young (18432K), 1 survivors (2048K)
 Metaspace       used 88466K, committed 89536K, reserved 1179648K
  class space    used 10294K, committed 10688K, reserved 1048576K
GC Heap History (20 events):
Event: 8.391 GC heap before
{Heap before GC invocations=20 (full 0):
 garbage-first heap   total reserved 4038656K, committed 94208K, used 79350K [0x0000000709800000, 0x0000000800000000)
  region size 2048K, 20 young (40960K), 3 survivors (6144K)
 Metaspace       used 72953K, committed 73664K, reserved 1114112K
  class space    used 8361K, committed 8704K, reserved 1048576K
}
Event: 8.394 GC heap after
{Heap after GC invocations=21 (full 0):
 garbage-first heap   total reserved 4038656K, committed 94208K, used 46198K [0x0000000709800000, 0x0000000800000000)
  region size 2048K, 2 young (4096K), 2 survivors (4096K)
 Metaspace       used 72953K, committed 73664K, reserved 1114112K
  class space    used 8361K, committed 8704K, reserved 1048576K
}
Event: 8.658 GC heap before
{Heap before GC invocations=22 (full 0):
 garbage-first heap   total reserved 4038656K, committed 94208K, used 83062K [0x0000000709800000, 0x0000000800000000)
  region size 2048K, 20 young (40960K), 2 survivors (4096K)
 Metaspace       used 73745K, committed 74496K, reserved 1179648K
  class space    used 8505K, committed 8832K, reserved 1048576K
}
Event: 8.661 GC heap after
{Heap after GC invocations=23 (full 0):
 garbage-first heap   total reserved 4038656K, committed 94208K, used 47764K [0x0000000709800000, 0x0000000800000000)
  region size 2048K, 2 young (4096K), 2 survivors (4096K)
 Metaspace       used 73745K, committed 74496K, reserved 1179648K
  class space    used 8505K, committed 8832K, reserved 1048576K
}
Event: 8.928 GC heap before
{Heap before GC invocations=23 (full 0):
 garbage-first heap   total reserved 4038656K, committed 94208K, used 82580K [0x0000000709800000, 0x0000000800000000)
  region size 2048K, 19 young (38912K), 2 survivors (4096K)
 Metaspace       used 75271K, committed 76096K, reserved 1179648K
  class space    used 8684K, committed 9024K, reserved 1048576K
}
Event: 8.932 GC heap after
{Heap after GC invocations=24 (full 0):
 garbage-first heap   total reserved 4038656K, committed 94208K, used 49293K [0x0000000709800000, 0x0000000800000000)
  region size 2048K, 2 young (4096K), 2 survivors (4096K)
 Metaspace       used 75271K, committed 76096K, reserved 1179648K
  class space    used 8684K, committed 9024K, reserved 1048576K
}
Event: 9.185 GC heap before
{Heap before GC invocations=24 (full 0):
 garbage-first heap   total reserved 4038656K, committed 94208K, used 82061K [0x0000000709800000, 0x0000000800000000)
  region size 2048K, 18 young (36864K), 2 survivors (4096K)
 Metaspace       used 76149K, committed 76992K, reserved 1179648K
  class space    used 8810K, committed 9152K, reserved 1048576K
}
Event: 9.187 GC heap after
{Heap after GC invocations=25 (full 0):
 garbage-first heap   total reserved 4038656K, committed 114688K, used 50981K [0x0000000709800000, 0x0000000800000000)
  region size 2048K, 2 young (4096K), 2 survivors (4096K)
 Metaspace       used 76149K, committed 76992K, reserved 1179648K
  class space    used 8810K, committed 9152K, reserved 1048576K
}
Event: 10.775 GC heap before
{Heap before GC invocations=26 (full 0):
 garbage-first heap   total reserved 4038656K, committed 114688K, used 98085K [0x0000000709800000, 0x0000000800000000)
  region size 2048K, 26 young (53248K), 2 survivors (4096K)
 Metaspace       used 83254K, committed 84160K, reserved 1179648K
  class space    used 9720K, committed 10112K, reserved 1048576K
}
Event: 10.779 GC heap after
{Heap after GC invocations=27 (full 0):
 garbage-first heap   total reserved 4038656K, committed 114688K, used 54855K [0x0000000709800000, 0x0000000800000000)
  region size 2048K, 4 young (8192K), 4 survivors (8192K)
 Metaspace       used 83254K, committed 84160K, reserved 1179648K
  class space    used 9720K, committed 10112K, reserved 1048576K
}
Event: 104.937 GC heap before
{Heap before GC invocations=27 (full 0):
 garbage-first heap   total reserved 4038656K, committed 114688K, used 83527K [0x0000000709800000, 0x0000000800000000)
  region size 2048K, 20 young (40960K), 4 survivors (8192K)
 Metaspace       used 86602K, committed 87488K, reserved 1179648K
  class space    used 10129K, committed 10496K, reserved 1048576K
}
Event: 104.991 GC heap after
{Heap after GC invocations=28 (full 1):
 garbage-first heap   total reserved 4038656K, committed 114688K, used 41680K [0x0000000709800000, 0x0000000800000000)
  region size 2048K, 0 young (0K), 0 survivors (0K)
 Metaspace       used 86586K, committed 87488K, reserved 1179648K
  class space    used 10125K, committed 10496K, reserved 1048576K
}
Event: 105.516 GC heap before
{Heap before GC invocations=28 (full 1):
 garbage-first heap   total reserved 4038656K, committed 114688K, used 101072K [0x0000000709800000, 0x0000000800000000)
  region size 2048K, 29 young (59392K), 0 survivors (0K)
 Metaspace       used 87077K, committed 88000K, reserved 1179648K
  class space    used 10173K, committed 10560K, reserved 1048576K
}
Event: 105.520 GC heap after
{Heap after GC invocations=29 (full 1):
 garbage-first heap   total reserved 4038656K, committed 114688K, used 47546K [0x0000000709800000, 0x0000000800000000)
  region size 2048K, 3 young (6144K), 3 survivors (6144K)
 Metaspace       used 87077K, committed 88000K, reserved 1179648K
  class space    used 10173K, committed 10560K, reserved 1048576K
}
Event: 126.847 GC heap before
{Heap before GC invocations=29 (full 1):
 garbage-first heap   total reserved 4038656K, committed 114688K, used 96698K [0x0000000709800000, 0x0000000800000000)
  region size 2048K, 27 young (55296K), 3 survivors (6144K)
 Metaspace       used 87303K, committed 88192K, reserved 1179648K
  class space    used 10212K, committed 10560K, reserved 1048576K
}
Event: 126.849 GC heap after
{Heap after GC invocations=30 (full 1):
 garbage-first heap   total reserved 4038656K, committed 114688K, used 44021K [0x0000000709800000, 0x0000000800000000)
  region size 2048K, 1 young (2048K), 1 survivors (2048K)
 Metaspace       used 87303K, committed 88192K, reserved 1179648K
  class space    used 10212K, committed 10560K, reserved 1048576K
}
Event: 127.228 GC heap before
{Heap before GC invocations=30 (full 1):
 garbage-first heap   total reserved 4038656K, committed 114688K, used 97269K [0x0000000709800000, 0x0000000800000000)
  region size 2048K, 27 young (55296K), 1 survivors (2048K)
 Metaspace       used 87772K, committed 88640K, reserved 1179648K
  class space    used 10255K, committed 10624K, reserved 1048576K
}
Event: 127.232 GC heap after
{Heap after GC invocations=31 (full 1):
 garbage-first heap   total reserved 4038656K, committed 114688K, used 48549K [0x0000000709800000, 0x0000000800000000)
  region size 2048K, 3 young (6144K), 3 survivors (6144K)
 Metaspace       used 87772K, committed 88640K, reserved 1179648K
  class space    used 10255K, committed 10624K, reserved 1048576K
}
Event: 134.002 GC heap before
{Heap before GC invocations=32 (full 1):
 garbage-first heap   total reserved 4038656K, committed 114688K, used 93605K [0x0000000709800000, 0x0000000800000000)
  region size 2048K, 26 young (53248K), 3 survivors (6144K)
 Metaspace       used 87487K, committed 88640K, reserved 1179648K
  class space    used 10163K, committed 10624K, reserved 1048576K
}
Event: 134.004 GC heap after
{Heap after GC invocations=33 (full 1):
 garbage-first heap   total reserved 4038656K, committed 114688K, used 44026K [0x0000000709800000, 0x0000000800000000)
  region size 2048K, 1 young (2048K), 1 survivors (2048K)
 Metaspace       used 87487K, committed 88640K, reserved 1179648K
  class space    used 10163K, committed 10624K, reserved 1048576K
}

